Traceback (most recent call last):
  File "C:\Users\Mayeli\anaconda3\lib\site-packages\jupyter_cache\executors\utils.py", line 51, in single_nb_execution
    executenb(
  File "C:\Users\Mayeli\anaconda3\lib\site-packages\nbclient\client.py", line 1204, in execute
    return NotebookClient(nb=nb, resources=resources, km=km, **kwargs).execute()
  File "C:\Users\Mayeli\anaconda3\lib\site-packages\nbclient\util.py", line 84, in wrapped
    return just_run(coro(*args, **kwargs))
  File "C:\Users\Mayeli\anaconda3\lib\site-packages\nbclient\util.py", line 62, in just_run
    return loop.run_until_complete(coro)
  File "C:\Users\Mayeli\anaconda3\lib\asyncio\base_events.py", line 647, in run_until_complete
    return future.result()
  File "C:\Users\Mayeli\anaconda3\lib\site-packages\nbclient\client.py", line 663, in async_execute
    await self.async_execute_cell(
  File "C:\Users\Mayeli\anaconda3\lib\site-packages\nbclient\client.py", line 965, in async_execute_cell
    await self._check_raise_for_error(cell, cell_index, exec_reply)
  File "C:\Users\Mayeli\anaconda3\lib\site-packages\nbclient\client.py", line 862, in _check_raise_for_error
    raise CellExecutionError.from_cell_and_msg(cell, exec_reply_content)
nbclient.exceptions.CellExecutionError: An error occurred while executing the following cell:
------------------
Y, h, Co, Io, Go, Xo, b, m, t = symbols('Y h Co Io Go Xo b m t')

r= (1/h)*(Co + Io + Go + Xo)-(1-(b-m)*(1-t))*(1/h)*Y

df_rY = diff(r, Y) # diff(función, variable_analizar
df_rY #∆r/∆Y


------------------

[1;31m---------------------------------------------------------------------------[0m
[1;31mNameError[0m                                 Traceback (most recent call last)
Input [1;32mIn [1][0m, in [0;36m<cell line: 1>[1;34m()[0m
[1;32m----> 1[0m Y, h, Co, Io, Go, Xo, b, m, t [38;5;241m=[39m [43msymbols[49m([38;5;124m'[39m[38;5;124mY h Co Io Go Xo b m t[39m[38;5;124m'[39m)
[0;32m      3[0m r[38;5;241m=[39m ([38;5;241m1[39m[38;5;241m/[39mh)[38;5;241m*[39m(Co [38;5;241m+[39m Io [38;5;241m+[39m Go [38;5;241m+[39m Xo)[38;5;241m-[39m([38;5;241m1[39m[38;5;241m-[39m(b[38;5;241m-[39mm)[38;5;241m*[39m([38;5;241m1[39m[38;5;241m-[39mt))[38;5;241m*[39m([38;5;241m1[39m[38;5;241m/[39mh)[38;5;241m*[39mY
[0;32m      5[0m df_rY [38;5;241m=[39m diff(r, Y) [38;5;66;03m# diff(función, variable_analizar[39;00m

[1;31mNameError[0m: name 'symbols' is not defined
NameError: name 'symbols' is not defined

